3000
4822
6700
8350
9622
11687
13576
14831
17455
19299
20926
22398
23601
25491
27317
29146
30957
33053
34928
36143
38608
40412
42069
43925
45366
46853
48875
50535
51798
53218
54662
56491
57726
58939
60141
61752
63038
64880
66342
67997
70287
71776
73392
74665
76113
77934
79433
80660
82518
83982
85466
86692
88695
90303
91597
92619
94447
95913
97961
99856
101687
103582
105604
107215
108510
109970
113389
115249
117145
118421
120023
121854
123933
125592
127278
128713
130725
132014
133266
135123
136960
139194
141059
142744
144354
145593
147053
148086
149312
150757
152575
154020
155688
157359
158844
160928
162157
163799
165444
167271
169542
170765
172789
174484
176286
177776
179276
180747
182163
183600
185495
186950
188951
190585
192062
194150
195793
197806
199101
200109
201116
202961
204777
206039
207316
208985
211417
213060
214524
216175
217674
219288
220507
222310
224124
225575
227056
229095
230795
232664
234342
235989
237397
238688
240367
241594
243012
244662
246361
248023
250244
251855
253479
255501
256923
258193
259594
261447
263078
265349
267188
268589
270463
271961
274409
276240
277677
278746
280399
281829
283080
284496
286130
287566
288785
290406
292282
293974
295388
297257
300094
301295
303384
304855
306720
308321
310167
312267
314299
316727
318371
320056
321724
323535
325175
326467
328128
329941
331371
332575
334023
336043
337320
338751
340603
342610
344286
345731
347820
349247
350723
352189
354241
355862
357718
358922
360163
362009
363267
364914
366535
368427
369635
371729
372992
374408
375630
377035
378700
379931
381400
382839
384648
385918
387406
388688
390507
392108
393594
395267
397144
398218
399685
401135
402421
403887
405344
406568
408410
410639
412126
413946
415622
417100
418721
420728
422777
424420
426434
427896
429374
430421
432301
433596
435062
436289
437736
439012
440673
442538
443970
445186
446859
448940
450359
452645
454101
455139
456994
459046
460465
462513
464000
465658
467069
468536
470186
471876
473334
474563
475790
477837
480292
481771
483644
485861
487507
489353
490981
492655
494288
495953
497450
499316
500802
502080
503320
504605
506031
507243
508518
510416
512064
513506
515320
516789
517997
519660
520906
522402
524466
527292
528767
530251
531672
533906
535202
537100
538333
539945
541561
543186
544484
546148
548783
550252
551525
553011
555425
556862
558152
560188
561646
562679
564696
566333
567943
569771
572432
573494
575103
577105
578550
580004
581245
583247
584934
586738
588211
589664
591870
593709
595761
596969
599248
600857
602263
603707
605168
606399
607625
609049
610697
611735
613421
614720
616391
617806
620244
621695
624113
625315
627330
629226
630495
632106
633910
635569
637456
639515
641187
643216
644465
645543
646956
649008
650479
651750
653801
655262
656272
657902
659802
661835
663274
665138
667400
669024
671308
672726
674737
676004
677269
678904
680341
681564
683186
684238
685643
687340
689558
691361
692833
694258
696310
697375
699048
700252
701506
703119
704976
706796
708479
709894
711498
712997
715093
716898
718572
720621
722513
724135
726157
727646
729737
731385
733264
735478
737547
738755
740165
742010
743440
745327
747972
749241
750678
752101
753378
755247
757731
759820
761423
763253
765870
767363
768392
770292
771497
773301
774559
775781
778061
779741
781775
783073
784479
785973
787798
789694
791393
792889
794581
795818
797876
799145
800605
802035
803297
804706
806604
808290
809758
811372
812860
814670
815673
816943
818575
820013
822086
824090
826138
828139
829958
832058
833918
836142
837780
839660
841097
842535
843601
845287
846529
848628
850647
852494
853975
855848
857541
858816
860018
861434
863504
865161
866965
868167
869775
871044
873065
874329
875562
877597
879625
881285
882523
884016
885493
887141
889180
891011
892423
893894
895508
897604
899207
901499
902778
904472
905752
907210
909420
910821
912919
915164
917246
919453
921096
922756
924989
926856
928537
930341
932148
933411
935096
936512
937781
939591
941047
943255
944933
946224
947667
949515
951565
952985
954283
955558
957215
958825
960287
962125
963809
965246
966665
968310
970166
971968
973254
975135
976158
977433
978902
980532
982408
984487
985976
987659
989333
991200
992445
994256
996088
997724
999539
3000
4291
5757
7634
9455
11095
12161
13769
15464
16715
18798
20035
22462
24560
25983
27275
29175
30862
32274
33295
35114
36522
39166
40657
42073
43540
45746
47773
49269
50675
52741
54564
55816
57691
59952
61241
62528
63956
65361
67021
69293
71738
73238
74464
75717
77941
79201
80666
82563
83808
84908
86315
87928
89147
90983
93000
94631
96041
98289
99893
101111
102181
103849
105458
106749
108638
109889
111909
113760
115977
117830
119128
120943
122384
123862
125087
126738
127962
129428
130855
132740
134612
135889
137705
139584
141218
142504
144549
146395
147634
149486
151333
153430
155290
156338
158003
159680
161712
162999
164432
166671
169147
171157
172433
173857
175504
177176
179058
180553
183247
184692
186120
187998
190086
191697
193788
195059
196491
198128
199731
200738
203169
204581
206023
207239
208732
210150
211188
212994
215450
216546
218567
219770
221270
222891
224510
225579
227825
228873
230886
232344
233418
235104
236520
237791
239482
241580
243270
245098
246566
248658
250523
252204
254477
255881
257975
259197
260213
261852
263875
265744
267585
269658
271263
272687
274325
276016
277630
279262
281337
283162
284769
286668
288928
290611
292081
293554
295223
297441
298862
300706
302579
303850
305660
307350
309756
310799
312815
314664
316094
317720
318753
320650
322292
323926
325351
327228
328683
330329
332000
333614
334857
337109
339344
341162
342768
344435
346275
347553
349592
351487
353575
355615
356905
358328
359549
361032
362482
364306
366764
368404
370103
371532
373539
375168
377249
378881
380738
382818
384448
386495
388374
390176
392421
394222
395665
397727
399827
401286
402979
404828
406323
407971
409446
410743
412205
414632
415853
417316
418941
420166
421251
422709
424119
426013
427706
429314
430978
432427
433698
435138
436806
438878
440094
441754
443047
444513
445796
447401
448472
450284
451936
452989
454595
456260
457685
458900
460959
462434
464469
466086
468570
470011
471477
472690
474374
476238
477915
479605
480897
482746
484353
486175
487839
489480
491110
493169
495251
497275
498297
500972
502573
504049
506264
508295
509963
511208
512494
513986
515997
517819
519101
520527
521827
523283
524581
525844
527259
528676
531158
532800
534465
536134
537569
539198
540492
541755
542991
544289
546157
547435
549123
550327
552178
553605
555098
556596
558048
560327
562552
563829
565468
567672
569117
571142
572376
574466
575875
577537
579005
580657
582095
583382
584594
586080
587485
589305
591005
592669
594307
596325
597530
599150
600635
602327
603787
605589
607075
608289
609765
611251
612907
614405
615658
617260
619107
620531
622376
624251
625468
626687
627946
629629
631459
632538
634345
636019
638245
639890
641149
643407
644632
646053
647515
649781
651239
653100
654788
656603
658025
659235
660898
662299
663506
665361
666431
668920
670389
671686
673287
674576
676034
677440
678881
680365
681622
683254
684890
687130
690202
691302
692561
694635
696532
698745
699772
701446
703120
704925
706976
709623
711509
712913
714378
715607
717661
719521
721144
722353
723999
725882
727295
729173
731470
733116
734939
736822
738086
739495
741385
742885
744156
745775
747189
748645
750311
751920
753354
754974
756583
757797
759294
761098
762372
764831
767282
769366
771051
772507
774159
775829
777271
778953
781619
783504
785182
787227
788296
789322
790548
792642
794311
795976
797791
799240
800659
801908
803516
805399
806624
807864
809336
811173
812596
814197
815481
817728
819404
820861
822161
823608
825281
826718
828410
830096
831713
832942
834601
836467
838356
839787
841415
842621
844464
846502
848791
850626
852650
854086
855521
857214
859698
861102
863378
865251
867066
868284
869560
871200
872880
874528
876215
878839
880537
882191
884058
885325
886527
888391
890073
891965
893376
894836
896335
898023
899465
900747
902394
903675
904938
906382
907788
909604
910892
912592
914220
915893
918376
920184
922189
923190
924835
926492
927709
929123
930186
931833
933494
934909
936752
938794
941229
942446
943464
944488
945571
947256
949066
950308
951544
953757
955656
957083
958972
960633
962512
964012
966087
967584
969047
970681
971930
973979
975647
977288
978937
980387
981859
983088
984539
985750
987398
988628
990679
992086
993499
995324
997554
999654
3000
5007
6696
8538
9992
12009
13245
15089
16549
18559
19965
21258
22954
24569
25849
27669
28962
30827
32515
34740
36618
38652
40088
42529
43969
45850
47457
48921
50406
51832
53063
54561
56445
58313
60396
62060
63144
64623
66107
68800
70809
72417
73908
75383
77074
78895
80320
81750
83222
85308
87121
89138
90351
91823
93314
95589
97197
98853
100551
101959
104033
105644
107120
108810
110044
111518
112749
114423
115878
117374
119265
120872
122771
124591
126401
127812
129215
130499
131792
133659
135080
137562
139250
140902
142152
143416
145254
146719
147937
149141
150151
151406
153032
154079
155765
157399
158455
159709
161139
162573
164055
165928
167551
168958
170015
171663
173111
174755
176007
177415
179038
180116
181520
183132
184790
186403
188092
189768
190975
192412
193857
195671
197366
198594
200799
202630
204099
205383
206630
208896
210347
212016
213630
215878
217508
218778
220472
222139
223583
224816
226033
227685
229721
231016
233020
234041
235118
236532
238346
240194
241844
243467
245070
246941
248142
249766
251001
252659
253899
255344
256569
257801
259265
260669
262169
263399
265032
266319
267537
269432
271458
273317
274771
276860
278360
280055
281944
283959
285388
286634
288881
290296
292531
294376
295848
297544
299782
301796
303241
305494
307157
309053
311674
313564
314770
316417
318236
319917
321550
322789
324069
325368
327450
328857
330697
331962
333028
334229
335916
337757
339190
341032
342126
343943
345555
347423
349055
350486
353094
354192
355635
356870
358360
359973
361811
363855
365528
366752
368429
369909
371559
373767
375400
377060
378707
380386
382286
383714
384814
386041
387663
389273
390950
392195
394275
396152
397615
399061
400953
402998
404671
405954
408202
410624
412237
413736
415576
417599
419038
420474
422559
424246
425679
427725
429164
431060
432909
433969
436210
437502
439573
441218
442454
443682
445486
446914
448400
449836
452132
453356
454807
457089
459188
461888
463726
465732
467607
469868
471133
473386
475439
477130
478424
479835
481104
482799
485080
487113
488600
490030
491435
493045
494912
496187
498014
500027
501920
504325
505811
508245
509905
511782
513392
515067
517901
519914
520997
522842
524496
525555
527039
528485
530094
531913
533387
535002
536821
537884
540164
541256
542947
544579
546646
547902
549132
550794
552675
553762
555849
557470
558956
560765
562589
564257
565726
567154
568789
570667
572122
573596
575232
577532
579619
581469
582889
584496
585922
587353
588756
590359
591615
593866
594923
596806
598048
599272
600695
603317
604547
605779
607033
608651
610316
611967
613812
615887
617572
619181
620392
621801
623459
624876
626752
628242
630287
631888
633905
635773
637271
639501
641324
643132
644806
646216
647669
649358
651188
652847
654264
655666
657283
658981
660386
661832
663646
666092
667332
669224
670226
672040
674276
675883
677894
679775
681039
682734
684545
686237
688084
689899
691772
693216
695097
697310
699376
701436
703292
704514
706347
707590
709031
711291
713102
715162
717051
718889
720187
722196
723826
725671
727674
728699
729906
731923
733141
735008
736426
737720
739532
741232
742668
743962
746013
747287
749165
750857
752355
754182
756186
757627
759033
760521
762129
764013
765621
767318
768967
770189
772417
773710
774981
776255
777893
779383
781427
782845
784669
786337
788032
789295
790722
792183
793451
796059
797690
798970
800595
802212
803848
805267
807097
809134
811006
812471
814347
816041
817861
819676
820922
822339
824193
825443
826509
827745
829004
831086
832693
834513
835930
837393
838658
840331
841778
843800
845240
846898
849582
850609
852222
853852
855268
856364
858439
860106
861713
863149
864983
866644
868696
870897
872530
874407
876690
878541
880359
882257
883881
885556
887609
889651
891547
894177
895628
897263
898887
900161
902218
904496
905722
907529
908996
910480
912170
913789
915261
916469
917968
919453
920940
922434
924328
925371
927008
929106
930781
932056
933539
935144
936422
939023
940430
941855
943108
944552
946572
948582
950006
951616
954275
955541
957196
958858
960349
962382
963608
965026
966841
968291
969969
972067
973694
975176
976869
978082
979543
980624
982492
984101
985508
987586
988644
990536
991811
993296
994902
996978
999437
3000
4810
6686
8119
9616
11647
13318
15121
17207
18810
20091
21766
24033
25733
27168
28653
29860
31334
33190
34422
36096
37391
39047
40867
42567
44380
45670
47101
48512
49987
52479
55109
56317
58524
60381
62230
63638
65478
67312
68582
70414
72021
74317
76606
78493
80174
82187
83442
85482
87133
89028
90905
92171
93774
95241
96730
98338
99963
101633
103733
106345
107550
109430
110698
112141
114182
115630
117248
118938
120436
122134
123135
124389
126240
128503
130924
132353
134838
136295
137965
139787
142074
143302
144532
146354
147650
148950
150751
152603
153625
155492
156957
158796
160254
161896
163331
164932
166961
168452
169502
170781
172038
173645
175077
177350
178764
180396
182622
183880
185359
187038
188919
190334
191794
193408
195069
197566
198824
200460
201688
203521
205016
206906
207940
210206
211665
213286
215146
216947
218769
219985
221682
223358
225023
226669
228510
230125
231745
232766
234233
236236
238062
239480
241565
243997
245428
247304
248918
250600
252277
253916
255787
257406
258848
260274
262170
263868
265566
267219
268918
270731
272932
274789
276682
278363
279440
281248
282677
284496
286373
288250
289910
291773
293240
294936
296341
297818
299235
301295
303351
304636
305883
306903
308526
310137
311953
313564
315214
316907
318508
319942
322032
323467
325102
327189
328429
329726
331364
333025
334722
336220
338458
340101
341327
343211
344626
346883
348920
350408
351880
353290
355348
356958
358026
359663
361304
363158
364599
366269
368114
369743
371204
373286
375542
377387
379222
380718
382199
384068
385560
387412
388829
390471
391928
393419
396101
397990
399688
401758
403782
405472
407121
409357
411407
413700
414929
416419
417851
419519
420573
421810
423285
424738
426156
427645
429314
430371
431975
433452
434940
436579
439076
441486
443730
445796
447292
449342
450774
452012
454082
455570
457783
459044
461302
463798
465447
467092
468696
470308
471525
474010
476263
477945
479599
481604
483412
486229
488517
489969
491620
493055
494130
495215
497417
499313
500967
502208
503903
505364
507060
508295
509954
511571
512977
514190
515604
517460
519475
520514
522605
523811
525251
526490
528769
530260
532124
533569
535427
536835
539048
541265
542682
543919
545937
547186
548682
549980
553182
555034
557477
559172
560408
562021
563661
565124
567415
569077
570279
572337
573381
575391
576486
577943
579635
581124
582388
584087
585493
587526
589744
591794
593892
595752
597234
598661
600089
601292
602719
604543
605751
607227
609447
610895
613157
614199
616434
618098
619729
621368
622638
623927
625759
627256
628501
630360
631401
632813
634878
636308
638347
639962
641610
643299
644766
646392
648043
649936
652031
653636
655525
656754
658184
660284
661911
662936
664374
665837
667049
668348
669962
671409
673059
674928
676603
678294
680310
682117
683566
684817
686245
688099
689718
690931
693137
695188
697433
699070
700498
702115
703612
705471
707770
709069
710169
711658
712899
714334
715775
717471
719151
721018
722508
723787
724850
726695
728142
730041
731914
734182
735465
736881
738317
739747
741828
743310
744537
745949
747776
749065
750321
752181
753800
755277
756723
758987
761051
762480
764326
765993
767202
769257
770285
772328
773547
775184
776603
778070
779498
780915
782126
783534
785763
787042
788130
789943
791785
792873
794363
796053
797743
799419
800832
802078
803699
805110
806981
808209
809691
811547
813839
815680
817342
818751
820444
821454
823728
825023
826228
827257
828465
830878
832692
834357
836586
838282
839737
840962
842801
844871
846099
847731
849397
851206
852491
853514
854930
856378
857860
860096
861339
862419
864296
865704
867199
869014
870225
872051
873522
875169
876609
877890
879512
880914
882732
884616
887631
889488
891513
892924
894614
896499
897709
899999
901681
903322
904576
905992
908395
909819
911643
913103
915728
918796
920654
922301
923571
925659
927541
929145
931200
932678
933895
935540
937212
938494
940105
941367
943777
946041
947522
949002
950464
951715
953386
954816
957021
958312
959983
961082
962689
963935
965143
966549
967999
969458
970860
972501
973960
976251
977915
978916
980596
982076
983333
985006
986846
988693
990755
992013
993630
995308
996787
998635
999655
3000
4467
6324
7561
9408
11253
12713
14200
15868
17748
18966
20265
21494
23105
25180
26605
27880
29965
31233
32326
34011
35642
37339
38561
40189
42204
44668
45932
47960
49441
50741
52434
54092
55365
57207
58428
60125
62535
64155
65773
67658
68711
69791
72011
73867
75706
77545
78974
80448
81869
83471
84951
87190
88594
90018
92281
93573
95672
97497
98754
100411
101689
103581
105073
106969
108436
109936
111340
112958
114218
116030
117849
119716
121357
122791
124276
125726
127011
128439
130530
132407
133682
135153
136766
138181
139465
140942
142753
144819
146235
148041
149265
151114
152950
154837
156073
157526
159025
160639
162449
164535
166782
168620
170712
172327
173971
175606
177028
178838
180695
182705
184605
185811
187616
189257
190533
191777
193808
195832
197233
198478
200146
201751
203047
204863
206534
208166
210253
212063
213934
214962
217042
218648
220455
222155
223804
225647
227057
228323
230192
231609
232896
234706
235910
237573
239001
240420
242066
243274
244921
246771
248870
250513
252183
253613
255221
257319
258997
260279
262725
264564
266043
267471
269096
270346
272246
273542
275350
277240
278677
279911
281400
283474
284678
286288
287559
289420
291095
292348
293638
294848
296059
298136
300211
301857
303268
304750
306569
308241
310132
312591
314019
315239
317120
318730
320412
322080
323696
325979
327442
329306
331557
333031
334671
336690
338369
340057
341310
342761
344236
345837
347475
348904
350718
352345
353954
355195
356637
358722
359995
362013
363031
364041
365709
366792
368860
370320
372560
374595
376007
378103
379749
381231
382473
384300
386198
387847
389452
390935
393215
395092
396788
398606
400103
401395
403476
405746
407216
409245
410945
412578
414608
416072
417907
419367
421623
423439
424442
425904
426937
428812
430685
431891
433314
434727
436596
438018
439631
441085
442756
444652
446476
448321
450332
451950
453410
455494
457362
458967
460413
461694
463342
464945
467013
468684
470343
472392
474001
475645
476848
478331
479626
481049
482663
484561
486990
488008
489236
490512
492140
493618
495041
497254
499092
500955
502409
503844
504939
506600
508016
509263
510873
512556
513972
516031
517240
519107
521558
522964
524446
526139
527233
528731
530358
532414
534493
536564
538233
539234
540256
541703
543984
545669
546909
548351
549757
550981
552786
554482
555707
557335
559017
560498
562945
564202
566019
567503
568969
570390
571665
573267
575105
577323
578947
580817
582674
584680
586133
587744
589371
590629
592279
593890
595786
597678
599959
602006
603648
605275
606528
608217
609422
610869
612150
614225
615679
617115
619362
620972
622821
624634
626456
627486
629385
631048
632901
634195
635485
637733
639749
641624
643440
645101
646177
647404
649408
650449
651747
653621
654840
656503
658334
660400
662894
665146
666773
668063
669700
671159
672775
674397
675417
676681
678083
679541
681234
683293
685181
687056
688531
689751
691164
693418
695084
697306
698750
700027
701836
703044
704653
706541
707987
710257
712070
714090
716553
718363
720807
722441
724054
725706
728181
729216
730221
731842
733708
735177
736864
738937
740556
742161
743846
745285
747574
749051
750750
752205
753642
755045
756264
758666
760158
762399
763856
765542
766758
768764
770437
772117
773970
775457
777128
778760
780217
781462
783283
785183
786650
788726
789999
791885
793554
794974
796871
799169
800777
802617
804052
805714
807814
809625
811282
813551
815178
816640
818064
819335
821374
823399
825467
826935
828800
830650
832502
834357
835404
837269
839153
840631
842523
844766
846397
848480
849707
851518
852978
855027
856458
858115
859946
861189
862456
864355
866247
867860
869098
870359
872186
874048
875910
878199
879636
881478
882933
884423
885836
886902
888777
890605
892497
894506
896738
898768
900427
902256
903499
904940
906774
908648
910706
912587
914016
915466
916744
918219
919503
921003
922276
923376
924598
926224
928316
929388
931060
932914
934115
935917
937579
939239
941111
943402
945088
947126
948949
951248
952871
955315
956539
957982
959391
960836
962644
964095
965926
967973
969013
970465
972339
974155
975812
977707
979967
981186
982645
984071
985929
987782
989059
990549
991988
993273
994948
996792
998003
3000
4241
5670
7757
9797
10859
12478
13963
15572
16982
18469
19871
21332
23560
24588
26602
28282
30300
32123
33535
35565
37052
38510
40954
42843
44283
45960
47361
49427
51099
53191
54794
56471
57929
59557
61603
63886
65945
68228
70256
71464
72871
74310
76323
78011
79238
80866
82761
84401
85651
87124
88802
90860
92302
93950
95233
96882
98352
100039
101516
103126
104380
106001
107668
109286
111382
113075
114518
116216
118630
121107
122774
124423
125865
127280
129355
130429
132516
134415
136031
138460
139871
141704
143348
145245
147140
148347
150553
151807
153045
154482
155764
157231
158497
160574
162408
164028
165673
167127
168533
169815
172490
173718
175340
176561
178408
180038
181662
182962
185170
186836
188483
189684
191324
193590
195405
196866
197881
199368
200777
202672
204162
205789
207288
209183
210836
212878
214727
216223
218055
219680
220956
222656
224065
225754
227377
228856
230491
232123
233746
235779
237457
239129
240791
242071
243768
245058
246531
247984
249250
250932
252584
254879
256311
257780
259029
261886
263516
264990
266443
267845
269453
270669
272126
274015
275479
276521
278206
280283
282093
283368
284795
287075
288567
290051
291674
293684
295126
296424
298503
300310
301713
303606
305438
306879
307886
309553
311213
313305
314920
316010
317507
319407
320880
322334
323800
325276
326889
328302
330742
332581
334589
335839
337320
339172
341069
342767
345214
347493
349379
351259
353062
354473
355692
356916
358569
361256
362916
364735
365754
367247
369082
371144
372564
373859
375159
376581
378476
380304
381953
383607
385022
386514
388378
390468
392352
393848
395908
397806
399262
400687
402165
404062
405476
407119
408322
409988
411442
412646
413864
415494
416749
418207
419838
421271
422498
423765
424846
426504
427967
429444
431703
433340
434378
436021
437623
438824
440481
441772
443831
445252
446653
447920
449216
450467
452320
453760
455429
457101
458164
459781
461873
463488
464951
466762
468201
469691
471752
473438
474905
476551
478017
479266
480959
482365
484174
485986
487678
489343
490762
492604
494085
495951
497171
498432
500503
502989
504619
505891
507334
509592
510888
512587
513836
516096
518168
520038
521699
522919
524786
526631
528696
531298
533362
534448
536705
538388
540018
541641
543496
545319
547174
548660
551089
552908
554992
556803
558072
560336
561358
562987
564472
565938
566981
568466
570942
572804
574645
576059
577548
579619
580877
582494
584305
585997
587213
588847
590655
591923
593205
594643
595866
597563
599576
601386
603214
604834
606306
607598
609273
611087
612521
613765
615985
617875
620337
622765
624401
625680
627938
630346
632978
634791
636424
638291
639930
642000
643805
645434
646889
648389
649465
651123
652750
654193
656048
657929
659379
660449
662655
663943
666236
667521
669188
670594
672201
674263
675723
677549
679443
681537
683391
684680
686090
687550
689193
690479
692088
693559
695563
697213
698873
700900
702394
704010
706498
708119
709160
710830
712300
713550
715404
717207
718223
719478
720700
722351
724354
726197
727458
729902
731574
733600
735676
737355
739018
740229
741710
743136
745167
746374
747587
749024
750497
752504
754375
756225
757687
759383
761046
762692
764536
765942
767947
769980
772231
773728
775007
776889
778332
779826
780884
782939
784424
786118
787596
788861
790145
791581
793202
795244
796872
798500
800533
802152
803575
805439
807471
809089
811496
812925
814366
815830
817644
819314
820989
822395
824260
826076
827155
828366
830437
832331
833976
835426
836887
838561
840244
841738
843386
844995
846663
848274
849354
850586
852260
853692
856329
857733
859355
860770
862993
865066
866740
867817
869445
871513
873607
874838
876515
877760
879796
881469
883369
885015
886664
887946
889196
891450
894092
895142
896793
898068
899884
901291
902493
903904
905767
907067
908891
910140
911965
913173
914977
917004
918248
919856
921689
923493
925389
926616
928846
930452
932132
933208
934639
936450
937478
939089
940531
942536
943946
945217
946900
948551
950647
952293
954108
955711
957325
958584
959877
962285
963735
965218
966857
969539
970549
972594
974016
975272
976754
977841
979738
981235
982849
985077
987083
989086
990753
992367
994263
995713
997596
999655
3000
4448
5652
7338
9024
10690
12909
14535
16554
18831
20089
22545
23959
25397
26861
28126
29779
31025
32691
34386
36798
38259
40148
42195
43290
45148
46806
48247
49544
50566
52591
54261
55886
57744
59360
60856
62150
64782
66229
67865
69519
71768
73864
75564
76768
78430
80061
81956
83431
84886
86774
89209
90215
91488
93384
95432
97048
98939
100377
102229
104299
106144
107818
109110
110805
112486
114360
116020
117666
119138
121009
122674
124481
126309
127967
130058
131745
133845
135847
137105
139508
140918
142123
143561
145005
147100
148544
150644
152506
154366
155593
157427
159087
161186
162587
164686
166560
168209
169850
171504
172978
174791
176648
178049
179893
181170
182816
184442
186491
188544
189992
191888
193496
195777
197604
199462
200685
201900
202976
205008
206508
207969
209773
211394
213446
215129
216361
217604
219270
220342
221966
223649
224892
225934
227962
229583
231800
233460
235109
236594
238795
240884
242516
244181
246028
247667
249362
251031
253100
255109
256781
258257
260076
262340
263594
265258
266929
268561
270175
271637
273673
274878
276770
278619
280447
282081
283739
285401
286619
288243
289724
291148
292409
294269
295473
297122
298594
299821
301636
303063
305350
306584
308023
309441
311137
313188
314612
315621
317670
319567
321263
322891
324567
327229
329125
330425
332122
333780
335039
337050
339123
341524
342580
344067
345533
346595
348455
350464
351865
353531
354956
356415
358675
360681
363373
365190
367198
369038
370304
372184
374389
375874
377356
378825
380472
381908
383206
384852
387118
388761
390185
391661
393085
395152
396971
398419
399677
401128
402775
404206
405705
407577
409018
412234
414091
415149
416371
417660
418957
421023
422698
423937
425145
426430
428095
429534
431949
433587
434800
436065
437530
439228
441127
442621
444074
445573
447207
449060
450685
452554
453806
456260
457678
459968
461636
463656
465263
466741
468766
470368
471404
473296
475150
476843
478530
480616
481882
483761
485383
487813
489690
490965
492402
493875
496337
497339
498811
500884
502502
503998
505617
507428
509077
510340
512006
513845
515848
517306
519187
520609
522216
523874
525506
526955
529021
530246
532460
534280
535716
537734
539403
540629
542518
543949
545385
546828
548323
550376
552062
553303
555167
556206
558072
559538
561025
563260
565352
567993
569637
570872
572135
573405
575086
576143
577397
579081
581154
582397
584094
586110
587741
589185
590616
591618
593068
594935
596422
598442
600274
601354
602770
604437
606669
607696
608950
610230
612267
614161
615828
617257
618311
619556
622392
624023
625464
626703
627956
629366
631619
632850
634458
635664
637106
638600
639886
641569
643234
644306
646006
648067
649317
650800
652057
653680
654759
656962
658386
660071
661537
663348
664804
666027
667849
669945
671547
672808
674239
675526
676944
678828
680122
681537
683191
684638
686277
688773
689812
691506
692761
694590
696036
697479
699172
700453
701928
703388
705045
706473
708558
709964
711585
713870
715288
717768
718977
720633
722505
724405
726218
727830
729438
731531
732938
734751
736004
737841
739329
740752
742375
744013
745426
747831
749495
751581
753240
755325
757529
758966
760243
762059
764072
765733
767168
768579
769674
770883
772497
774189
775439
777328
778825
779826
780835
782274
783723
785559
786981
788593
790242
791490
793373
794602
796059
797337
799196
801440
802532
804393
806061
807932
809958
810975
812616
813881
815347
816959
818793
820029
821506
822949
824425
825895
827586
829079
830700
831970
833374
835049
836925
838338
840024
841681
843358
845184
847275
848932
850962
852842
854126
856397
858468
860470
862334
864003
865414
867278
868885
870909
872733
874193
875639
877537
879986
881405
883028
884307
885956
888237
889639
890894
893754
895591
897260
898954
901176
903471
905076
906746
908972
910598
912016
913227
914717
916331
918409
919707
920985
922404
924009
925217
926669
928359
929639
931496
933570
935389
937208
939096
941124
942765
945194
946845
948054
949748
951804
953837
955289
957122
958537
960551
961992
963240
964691
966498
967729
969184
970786
972005
973303
974402
975865
978104
980314
981797
983067
984549
985995
988074
989505
991718
993163
994567
995769
997418
998648
3000
5028
6237
8069
9366
11046
12932
15161
16563
17811
19260
21077
23160
24592
26283
27698
29168
31180
32993
35055
36880
38564
40847
42523
44212
45847
47516
49166
50841
52683
54182
56583
58038
59067
60276
62164
63582
64597
66848
68101
69792
71457
72888
74091
75957
77199
79289
80578
82457
84313
85740
87742
89608
91242
93296
94969
96864
98342
100217
102087
103958
105646
107540
108993
110052
111307
113588
115868
117563
118849
120459
122344
124389
126804
128638
131069
133549
135029
136450
137750
139581
141877
143505
144760
145802
147249
148880
150328
151603
153438
154855
156701
158732
160391
161814
163910
165566
167222
169693
171301
172581
174472
175707
176804
178692
180353
181821
183666
185270
187115
188734
190222
192050
193515
195566
197406
199503
201109
203326
205397
207287
208723
210201
211430
212700
215179
217055
218479
220162
221804
224092
225591
226802
228490
230293
232151
234163
236025
237722
238965
240450
241913
243741
245809
247247
249518
250930
253796
255072
257148
258590
260289
262382
263681
265358
267360
269236
270857
272278
273956
275162
277000
278894
280168
281430
282843
284890
286718
288615
290253
292295
293939
296027
298112
299790
300806
302467
303669
305299
306399
309052
310460
311752
314195
315639
317870
319314
320973
322594
324487
326567
327772
329198
331046
332338
333623
335038
336477
338116
339562
340971
342802
344062
345731
347752
349792
351021
352275
353949
355982
357279
358336
359961
362373
363836
365475
367359
368960
370391
372403
373840
375319
376962
378592
379864
381739
383438
384867
386767
388974
390634
392523
393937
395597
397282
398713
400397
401413
403068
405135
406811
408217
410504
411930
413585
415208
417068
418496
420581
422843
424656
425717
427592
429079
431494
433140
435200
436249
438084
440170
442026
443841
446106
447107
449793
451089
452505
453910
455735
456792
457846
459728
461417
463108
464516
465938
467586
469843
470862
472106
473973
475645
476902
478522
479782
482030
483899
485598
487285
488294
489568
491838
493317
495363
496633
498042
499316
500797
502692
504376
506409
507615
509704
511176
512842
513901
515337
517152
518613
520692
522556
523826
525318
526617
529032
531081
533166
534862
537160
538845
540064
541703
543541
544956
546581
548210
550285
552185
553587
555462
557081
558961
560163
561221
562488
564365
565769
567661
569500
571400
573300
574583
575649
577115
578564
580435
582076
583539
585630
586897
588147
589952
591214
592712
594729
596163
597629
598854
600949
602195
603658
605298
607566
608974
610579
612472
613940
615231
616901
618177
619869
621560
623192
625074
626687
628114
629187
631068
632344
633969
635454
637344
638773
640470
641964
643573
644831
646701
647750
649232
650281
652344
653811
655020
657304
658583
659813
661892
663126
665336
666621
668025
670282
672124
673994
675213
676290
677911
678922
680386
681642
682873
684773
686189
688398
690256
691673
692973
694839
696061
697677
699495
700956
702400
704033
706256
708076
710169
711649
713324
714540
716239
718055
719951
721390
723450
724865
726352
727817
729694
731331
732813
734258
736141
737594
739876
741308
742970
744443
745857
748122
749938
751588
752794
754293
755785
757228
758248
760113
761602
763412
764618
765864
766954
768381
770231
772067
773740
775747
777826
779064
780931
782742
784161
785397
787043
788252
790281
792321
794566
796234
798064
799938
801603
803072
804916
806770
808259
810064
811536
812963
814377
816000
817450
819083
820703
822793
824245
825673
827330
828402
829501
830716
832922
834533
835955
838050
839737
841400
844098
845899
848140
849552
851417
853694
855357
856835
858482
859935
861568
863268
864959
866238
867477
869735
871964
873989
875202
876413
877862
879508
881322
882574
884002
885284
887557
889451
890669
892473
894348
896398
897663
899921
901804
904025
905699
907189
909418
911646
913283
914904
916311
917735
919564
921377
922466
924493
927184
928625
931094
932108
933608
934879
936144
938563
940195
941453
943121
944541
946185
948417
949703
951391
953051
954339
955971
958405
960503
962116
963543
964842
966335
967753
970423
971712
973187
974684
975901
977509
979004
980237
982665
984717
986356
987642
989124
990593
992053
994474
996368
998254
999539
3000
4071
5678
6978
8838
10119
12618
14237
16061
17311
19586
21068
23476
25279
26979
28814
30109
32384
34051
35685
37148
39188
40434
41724
43125
44369
46394
47878
49706
51168
52577
53836
55240
56934
58628
59877
61522
63128
65136
66612
68310
69541
71163
72239
73441
75265
76293
77590
79235
80686
82383
83682
85105
87107
88380
89996
91641
93293
94704
96403
98012
100106
101542
103018
104066
106277
107693
109162
110830
112329
113597
114834
116646
117851
119914
121717
122749
124755
126626
128888
130302
131524
133354
135590
137238
138487
139703
140781
142391
144241
146445
149102
150736
153032
154274
156153
158828
160670
162900
165176
166259
168079
169916
171156
172233
173891
175573
177029
178908
181591
182848
184490
186314
188010
189266
190315
191962
193619
195436
197446
199324
201990
203081
204346
205825
208259
210483
212747
214157
216241
217862
219560
221396
223226
224906
226558
228378
230001
231230
232864
234353
235642
237853
240073
241913
243517
244780
246480
248316
250146
251160
252992
254208
255430
256637
258248
259854
261492
262900
264597
266076
267297
268958
270593
272076
273151
274581
276042
277297
279749
281618
282913
284579
286213
287618
289496
291365
292769
294586
296686
299178
300862
302501
304109
305764
307253
308888
309988
311823
313225
314491
315942
317228
318853
320685
322329
323802
326276
327949
329582
331444
333340
334827
336842
338334
339743
341026
342252
344094
345515
346814
348088
349695
350989
352462
353734
354981
357035
358475
359680
361379
363255
364936
366344
367564
369188
370996
372798
375098
377356
379228
381439
383105
384335
386205
387490
389177
390199
391601
393476
395327
397154
399431
401058
402321
403614
404896
406508
407944
409367
411588
413276
415567
417972
419467
421083
422582
424628
426468
427737
429016
430238
431905
434383
436059
437535
438936
440758
442376
444183
446010
447893
449778
451211
453628
455288
457188
458614
461031
462527
464143
466428
468676
470137
471415
472911
474780
475990
477678
479319
480781
482249
483691
485179
487030
489643
490893
492186
494270
496363
498018
499699
501569
503198
504808
506643
508137
509390
511627
513445
514654
516664
519280
520917
522128
524214
525874
527305
529368
531437
532886
534379
535608
536844
538518
540573
542177
544803
546416
548684
550182
551457
552879
554109
555575
557003
559033
560695
562377
563623
564826
566837
568302
570710
571725
573346
575191
576889
578572
580179
582652
584256
585550
586979
588438
590285
591574
592996
594229
596688
598762
600000
601421
603450
605095
606565
608786
610790
612439
614256
615355
616818
618259
619916
621740
623157
625360
626777
628864
630524
631753
633017
634300
635934
637192
638664
640528
641765
643571
645051
646271
647944
649622
651309
653153
655250
656924
658995
660635
661862
663473
664914
666611
668111
669526
671372
672833
674279
676351
677973
679799
681601
683427
684828
686925
689009
690820
691883
693333
694956
696590
698063
699721
700748
702596
704292
706162
707417
708494
709759
711561
713206
714702
716528
717760
719404
720646
723121
724726
726776
728476
729683
731331
733617
735657
737870
739310
740983
742395
744048
745735
747624
749082
750743
752771
753983
755627
756847
757909
759380
761189
762451
763882
765963
767398
769036
770845
772745
774241
775488
776979
778476
779909
781779
783471
784940
786349
788391
790041
791925
793153
794405
795674
798098
799355
801026
802237
803473
804971
806818
808468
810157
811438
813138
814545
815563
817399
818854
820662
821934
823986
825480
827528
829227
831045
832691
834327
836961
838653
839939
841578
842852
844699
846314
847582
849193
851237
853074
854746
856581
858183
860404
861698
862748
864357
866229
867481
869339
870946
872792
874642
876656
877915
879198
880844
883137
884432
886052
888106
889727
891975
893801
894866
897069
899127
900785
903069
905117
906813
908029
909843
911259
913144
914419
915653
917107
918509
920310
921319
922989
924823
926847
928267
929880
932371
933404
934644
936478
938105
939911
941374
943004
944276
945518
947789
949483
950691
952309
953927
954963
956454
957748
959409
960659
962090
963153
965405
967095
968593
970598
972044
973716
974925
976792
978266
980097
982396
984072
985548
986956
988429
990295
991347
993236
994922
996394
998199
999449
3000
5020
7308
8724
10582
11796
13051
15071
16569
18039
19682
21979
24416
25827
27881
29575
31235
32853
34121
36007
37077
39511
41777
43459
44668
45956
47402
49691
50776
52794
54217
56438
57656
59067
60345
61968
63450
64657
66080
67884
69753
71587
72789
74450
76097
78152
79610
81504
83563
84769
86803
88614
90673
92564
94798
96412
97871
99561
101389
102651
104304
105598
107003
109483
111370
113041
114880
116557
118612
120218
121629
123290
125955
127359
128645
129870
131293
133177
134629
136099
137535
138548
140585
141673
143335
145230
146851
148256
149873
151091
153513
155157
157051
158315
160154
161394
163011
164625
166672
169153
170641
172083
173555
175655
177281
178719
180157
181828
183431
184848
186341
187819
189440
191064
192750
194631
195634
197515
199523
200991
202843
204861
206086
207786
209811
212220
214025
215913
217804
219458
221119
222563
224834
226499
227939
230153
231385
233440
235677
237372
238839
240304
241579
242992
244818
246657
248357
250185
251866
253910
255188
256430
257667
259142
261026
262270
263908
265344
266834
269129
270405
272446
274306
276366
277863
279313
280354
281800
282829
284465
285963
287194
289623
290856
292910
295156
297053
298144
299175
300238
301495
303372
305054
306323
307927
309159
311428
314285
316350
318576
320041
321446
322657
325067
327288
328965
330620
331825
333474
335489
336570
337580
339217
340717
342369
344234
345849
347307
348943
350633
352100
353766
355406
357030
358077
359527
360947
363003
365460
366507
367733
369216
371272
372962
374391
376266
377734
380007
381619
383022
384519
385809
387463
388490
390699
392786
394413
396461
397479
399111
400537
401812
403435
404911
406177
408011
409702
411176
413241
414449
416722
418140
419947
421567
423188
424874
426773
428472
430116
432179
434044
436271
438154
439824
441244
442691
443781
445069
446699
447988
449233
450501
452187
453868
455768
456770
458022
459841
461289
463351
465765
467047
468276
469702
471143
472627
474302
475787
477655
479473
481318
482937
484567
486192
487882
489720
491725
493386
495227
497255
499076
500538
502416
504426
506081
507548
509186
510638
512248
513473
515357
516853
518940
520187
521867
523340
524589
526075
527878
530546
531999
533415
534888
536289
537981
540063
541558
542814
543860
545335
547830
549265
551332
552582
555076
556529
557934
559417
561029
562288
564122
565553
567385
569248
571085
572918
574170
576659
578524
579931
581967
583806
585277
586954
588443
589487
591978
593829
595456
596667
598530
600576
602875
603893
605926
607567
609029
610434
612462
614122
615418
617240
619250
620721
621945
623352
624589
626441
627853
629732
631335
632811
634252
636134
638364
639805
641057
643323
646003
647263
649333
650567
652369
654067
655963
657979
659450
660853
662490
664695
666744
668589
670268
671912
673720
676015
677679
679516
680940
682351
683833
685099
686709
688992
690442
693289
694773
696624
698628
700520
702592
704035
705459
706711
708737
710572
712037
713319
714945
717427
718843
720116
722209
724295
726377
727441
729081
730371
732004
733830
735470
737351
738635
740891
742493
744126
745819
747487
749387
750862
752957
754636
755724
757753
759358
760985
762638
764076
765905
767766
769578
770671
772098
773307
774748
777037
778479
780143
781971
784207
786043
788121
790169
791387
792638
794129
795821
797462
798881
800180
803430
805130
806419
807883
809522
811585
813392
815692
816991
818844
820860
822486
823909
825335
827211
829264
830953
833241
835323
837190
839060
840728
842365
844394
845810
848026
849513
850984
852037
853505
855315
857400
858823
860639
862662
864140
866217
867698
868940
870799
872208
874071
875929
877423
879069
880932
882568
884640
887297
889175
890875
892707
894508
896201
899044
900455
902140
904634
906461
908662
910349
911618
913433
915326
917533
919145
920832
923049
924726
926210
928084
929953
931976
934071
936351
937596
938892
940519
942413
943863
945504
947520
949807
951864
953300
954912
956141
957562
959192
960640
962251
963663
964893
966308
967360
969572
970784
972277
973960
975161
977391
979244
980653
982744
984591
986617
988086
989092
990924
992195
993623
995032
996913
998390
